<?xml version="1.0" encoding="UTF-8"?>
<!-- Generated by org.testng.reporters.JUnitXMLReporter -->
<testsuite ignored="0" hostname="ATMECSBLRLT-030" failures="0" tests="2" name="SampleTest" time="18.387" errors="0" timestamp="01 Dec 2020 04:37:47 GMT">
  <testcase classname="com.atmecs.SauceDemoWebsiteProject.testscript.LoginClass" name="loginTest" time="12.779"/>
  <testcase classname="com.atmecs.SauceDemoWebsiteProject.testscript.LoginClass" name="loginTest" time="4.625"/>
</testsuite> <!-- SampleTest -->
