<?xml version="1.0" encoding="UTF-8"?>
<!-- Generated by org.testng.reporters.JUnitXMLReporter -->
<testsuite ignored="0" hostname="ATMECSBLRLT-030" failures="0" tests="2" name="SampleTest" time="23.416" errors="0" timestamp="01 Dec 2020 04:37:52 GMT">
  <testcase classname="com.atmecs.SauceDemoWebsiteProject.testscript.BuyProductClass" name="buyProductTest" time="13.944"/>
  <testcase classname="com.atmecs.SauceDemoWebsiteProject.testscript.BuyProductClass" name="buyProductTest" time="7.256"/>
</testsuite> <!-- SampleTest -->
