<?xml version="1.0" encoding="UTF-8"?>
<!-- Generated by org.testng.reporters.JUnitXMLReporter -->
<testsuite ignored="0" hostname="ATMECSBLRLT-030" failures="0" tests="2" name="SampleTest" time="40.265" errors="0" timestamp="01 Dec 2020 04:38:32 GMT">
  <testcase classname="com.atmecs.SauceDemoWebsiteProject.testscript.BuyProductClass" name="buyProductTest" time="15.629"/>
  <testcase classname="com.atmecs.SauceDemoWebsiteProject.testscript.BuyProductClass" name="buyProductTest" time="14.72"/>
</testsuite> <!-- SampleTest -->
